TN:
SF:src\modules\products\services\ProductService.ts
FN:12,ProductService
FN:17,Object.<anonymous>.ProductService.create
FN:22,Object.<anonymous>.ProductService.update
FN:31,Object.<anonymous>.ProductService.delete
FN:44,Object.<anonymous>.ProductService.getById
FN:49,Object.<anonymous>.ProductService.getAll
FN:55,Object.<anonymous>.ProductService.getByName
FNF:7
FNH:7
FNDA:9,ProductService
FNDA:5,Object.<anonymous>.ProductService.create
FNDA:2,Object.<anonymous>.ProductService.update
FNDA:2,Object.<anonymous>.ProductService.delete
FNDA:1,Object.<anonymous>.ProductService.getById
FNDA:1,Object.<anonymous>.ProductService.getAll
FNDA:2,Object.<anonymous>.ProductService.getByName
DA:1,1
DA:2,1
DA:3,1
DA:4,1
DA:5,1
DA:6,1
DA:7,1
DA:8,1
DA:9,1
DA:10,1
DA:11,1
DA:12,1
DA:13,9
DA:14,9
DA:15,9
DA:16,1
DA:17,1
DA:18,5
DA:19,5
DA:20,5
DA:21,1
DA:22,1
DA:23,2
DA:24,2
DA:25,2
DA:26,1
DA:27,1
DA:28,2
DA:29,2
DA:30,1
DA:31,1
DA:32,2
DA:33,2
DA:34,2
DA:35,1
DA:36,1
DA:37,1
DA:38,1
DA:39,1
DA:40,2
DA:41,2
DA:42,2
DA:43,1
DA:44,1
DA:45,1
DA:46,1
DA:47,1
DA:48,1
DA:49,1
DA:50,1
DA:51,1
DA:52,1
DA:53,1
DA:54,1
DA:55,1
DA:56,2
DA:57,2
DA:58,2
DA:59,1
DA:60,1
DA:61,1
DA:62,1
DA:63,1
DA:64,2
DA:65,1
DA:66,1
DA:67,1
DA:68,1
DA:69,1
DA:70,1
DA:71,1
LF:71
LH:71
BRDA:11,0,0,1
BRDA:12,1,0,9
BRDA:17,2,0,5
BRDA:18,3,0,5
BRDA:22,4,0,2
BRDA:23,5,0,2
BRDA:25,6,0,1
BRDA:31,7,0,2
BRDA:32,8,0,2
BRDA:34,9,0,1
BRDA:44,10,0,1
BRDA:45,11,0,1
BRDA:49,12,0,1
BRDA:50,13,0,1
BRDA:55,14,0,2
BRDA:56,15,0,2
BRDA:58,16,0,1
BRF:17
BRH:17
end_of_record
TN:
SF:src\modules\products_categories\services\ProductCategoryService.ts
FN:12,ProductCategoryService
FN:17,Object.<anonymous>.ProductCategoryService.create
FN:27,Object.<anonymous>.ProductCategoryService.update
FN:42,Object.<anonymous>.ProductCategoryService.delete
FN:55,Object.<anonymous>.ProductCategoryService.getAll
FN:61,Object.<anonymous>.ProductCategoryService.getById
FNF:6
FNH:6
FNDA:7,ProductCategoryService
FNDA:4,Object.<anonymous>.ProductCategoryService.create
FNDA:2,Object.<anonymous>.ProductCategoryService.update
FNDA:2,Object.<anonymous>.ProductCategoryService.delete
FNDA:1,Object.<anonymous>.ProductCategoryService.getAll
FNDA:1,Object.<anonymous>.ProductCategoryService.getById
DA:1,1
DA:2,1
DA:3,1
DA:4,1
DA:5,1
DA:6,1
DA:7,1
DA:8,1
DA:9,1
DA:10,1
DA:11,1
DA:12,1
DA:13,7
DA:14,7
DA:15,7
DA:16,1
DA:17,1
DA:18,4
DA:19,4
DA:20,4
DA:21,4
DA:22,4
DA:23,4
DA:24,4
DA:25,4
DA:26,1
DA:27,1
DA:28,2
DA:29,2
DA:30,2
DA:31,2
DA:32,2
DA:33,2
DA:34,1
DA:35,1
DA:36,1
DA:37,1
DA:38,1
DA:39,2
DA:40,2
DA:41,1
DA:42,1
DA:43,2
DA:44,2
DA:45,2
DA:46,1
DA:47,1
DA:48,1
DA:49,1
DA:50,1
DA:51,2
DA:52,2
DA:53,2
DA:54,1
DA:55,1
DA:56,1
DA:57,1
DA:58,1
DA:59,1
DA:60,1
DA:61,1
DA:62,1
DA:63,1
DA:64,1
DA:65,1
DA:66,1
DA:67,1
DA:68,1
DA:69,1
LF:69
LH:69
BRDA:11,0,0,1
BRDA:12,1,0,7
BRDA:17,2,0,4
BRDA:20,3,0,4
BRDA:27,4,0,2
BRDA:31,5,0,2
BRDA:33,6,0,1
BRDA:42,7,0,2
BRDA:43,8,0,2
BRDA:45,9,0,1
BRDA:55,10,0,1
BRDA:56,11,0,1
BRDA:61,12,0,1
BRDA:62,13,0,1
BRF:14
BRH:14
end_of_record
